<?xml version="1.0" encoding="UTF-8"?>
<testng-results ignored="1" total="2" passed="1" failed="0" skipped="0">
  <reporter-output>
  </reporter-output>
  <suite started-at="2021-01-25T23:27:20 IST" name="Default suite" finished-at="2021-01-25T23:27:20 IST" duration-ms="71">
    <groups>
    </groups>
    <test started-at="2021-01-25T23:27:20 IST" name="Default test" finished-at="2021-01-25T23:27:20 IST" duration-ms="71">
      <class name="testsi.testsiproject">
        <test-method signature="century_plus()[pri:0, instance:testsi.testsiproject@48e4374]" started-at="2021-01-25T23:27:20 IST" name="century_plus" finished-at="2021-01-25T23:27:20 IST" duration-ms="13" status="PASS">
          <reporter-output>
          </reporter-output>
        </test-method> <!-- century_plus -->
      </class> <!-- testsi.testsiproject -->
    </test> <!-- Default test -->
  </suite> <!-- Default suite -->
</testng-results>
